2023/10/16 11:52:22.165  [I] [log.go:59]  日志引擎初始化成功
2023/10/16 11:52:22.381  [I] [mysql.go:26]  MySQL数据库初始化连接成功
2023/10/16 11:52:22.381  [I] [main.go:46]  HTTP服务将在以下地址开启监听："http://0.0.0.0:9999"
2023/10/16 11:52:27.395  [I] [mint.go:38]  铸造 : &{100 100001 2 0 user8}
2023/10/16 11:52:27.396  [I] [mysql.go:11]  查找用户信息
2023/10/16 11:52:27.433  [E] [mysql.go:14]  查找用户信息错误，err:Error 1146 (42S02): Table 'mirror2_demo_test.user_demos' doesn't exist
2023/10/16 13:18:21.546  [I] [log.go:59]  日志引擎初始化成功
2023/10/16 13:18:21.750  [I] [mysql.go:26]  MySQL数据库初始化连接成功
2023/10/16 13:18:25.485  [I] [main.go:46]  HTTP服务将在以下地址开启监听："http://0.0.0.0:9999"
2023/10/16 13:18:26.228  [I] [log.go:59]  日志引擎初始化成功
2023/10/16 13:18:26.440  [I] [mysql.go:26]  MySQL数据库初始化连接成功
2023/10/16 13:18:26.440  [I] [main.go:46]  HTTP服务将在以下地址开启监听："http://0.0.0.0:9999"
2023/10/16 13:18:29.324  [I] [mint.go:38]  铸造 : &{100 100001 2 0 user8}
2023/10/16 13:18:29.325  [I] [mysql.go:11]  查找用户信息
2023/10/16 13:18:29.361  [E] [mysql.go:14]  查找用户信息错误，err:Error 1054 (42S22): Unknown column 'user_demos.deleted_at' in 'where clause'
2023/10/16 13:24:34.446  [I] [log.go:59]  日志引擎初始化成功
2023/10/16 13:24:34.665  [I] [mysql.go:26]  MySQL数据库初始化连接成功
2023/10/16 13:24:34.665  [I] [main.go:46]  HTTP服务将在以下地址开启监听："http://0.0.0.0:9999"
2023/10/16 13:24:37.640  [I] [mint.go:38]  铸造 : &{100 100001 2 0 user8}
2023/10/16 13:24:37.641  [I] [mysql.go:11]  查找用户信息
2023/10/16 13:24:37.679  [E] [mysql.go:14]  查找用户信息错误，err:Error 1054 (42S22): Unknown column 'user_demo.deleted_at' in 'where clause'
2023/10/16 13:30:59.073  [I] [log.go:59]  日志引擎初始化成功
2023/10/16 13:30:59.287  [I] [mysql.go:26]  MySQL数据库初始化连接成功
2023/10/16 13:30:59.288  [I] [main.go:46]  HTTP服务将在以下地址开启监听："http://0.0.0.0:9999"
2023/10/16 13:31:02.406  [I] [mint.go:38]  铸造 : &{100 100001 2 0 user8}
2023/10/16 13:31:02.407  [I] [mysql.go:11]  查找用户信息
2023/10/16 13:34:04.593  [I] [log.go:59]  日志引擎初始化成功
2023/10/16 13:34:04.809  [I] [mysql.go:26]  MySQL数据库初始化连接成功
2023/10/16 13:34:40.440  [I] [main.go:46]  HTTP服务将在以下地址开启监听："http://0.0.0.0:9999"
2023/10/16 13:35:09.718  [I] [log.go:59]  日志引擎初始化成功
2023/10/16 13:35:09.931  [I] [mysql.go:26]  MySQL数据库初始化连接成功
2023/10/16 13:35:14.565  [I] [main.go:46]  HTTP服务将在以下地址开启监听："http://0.0.0.0:9999"
2023/10/16 13:35:15.246  [I] [log.go:59]  日志引擎初始化成功
2023/10/16 13:35:15.458  [I] [mysql.go:26]  MySQL数据库初始化连接成功
2023/10/16 13:35:15.458  [I] [main.go:46]  HTTP服务将在以下地址开启监听："http://0.0.0.0:9999"
2023/10/16 13:35:23.566  [I] [mint.go:38]  铸造 : &{100 100001 2 0 user8}
2023/10/16 13:35:23.567  [I] [mysql.go:11]  查找用户信息
2023/10/16 13:40:11.689  [I] [log.go:59]  日志引擎初始化成功
2023/10/16 13:40:11.896  [I] [mysql.go:26]  MySQL数据库初始化连接成功
2023/10/16 13:40:11.896  [I] [main.go:46]  HTTP服务将在以下地址开启监听："http://0.0.0.0:9999"
2023/10/16 13:40:20.176  [I] [mint.go:38]  铸造 : &{100 100001 2 0 user8}
2023/10/16 13:40:20.176  [I] [mysql.go:11]  查找用户信息
2023/10/16 13:41:28.944  [I] [log.go:59]  日志引擎初始化成功
2023/10/16 13:41:29.154  [I] [mysql.go:26]  MySQL数据库初始化连接成功
2023/10/16 13:41:29.155  [I] [main.go:46]  HTTP服务将在以下地址开启监听："http://0.0.0.0:9999"
2023/10/16 13:41:39.555  [I] [mint.go:36]  铸造 : &{100 100001 2 0 user8}
2023/10/16 13:41:39.556  [I] [mysql.go:11]  查找用户信息
2023/10/16 13:43:13.697  [I] [log.go:59]  日志引擎初始化成功
2023/10/16 13:43:15.592  [I] [mysql.go:26]  MySQL数据库初始化连接成功
2023/10/16 13:47:07.080  [I] [main.go:46]  HTTP服务将在以下地址开启监听："http://0.0.0.0:9999"
2023/10/16 13:47:07.549  [I] [mint.go:36]  铸造 : &{100 100001 2 0 user8}
2023/10/16 13:47:07.549  [I] [mysql.go:11]  查找用户信息
2023/10/16 13:49:16.719  [I] [log.go:59]  日志引擎初始化成功
2023/10/16 13:49:19.321  [I] [mysql.go:26]  MySQL数据库初始化连接成功
2023/10/16 13:49:59.593  [I] [main.go:46]  HTTP服务将在以下地址开启监听："http://0.0.0.0:9999"
2023/10/16 13:50:06.890  [I] [mint.go:36]  铸造 : &{100 100001 2 0 user8}
2023/10/16 13:50:06.892  [I] [mysql.go:11]  查找用户信息
2023/10/16 13:50:48.475  [I] [log.go:59]  日志引擎初始化成功
2023/10/16 13:50:48.690  [I] [mysql.go:26]  MySQL数据库初始化连接成功
2023/10/16 13:50:48.690  [I] [main.go:46]  HTTP服务将在以下地址开启监听："http://0.0.0.0:9999"
2023/10/16 13:51:00.441  [I] [mint.go:36]  铸造 : &{100 100001 2 0 user8}
2023/10/16 13:51:00.441  [I] [mysql.go:11]  查找用户信息
2023/10/16 13:55:50.901  [I] [log.go:59]  日志引擎初始化成功
2023/10/16 13:55:51.114  [I] [mysql.go:26]  MySQL数据库初始化连接成功
2023/10/16 13:55:51.115  [I] [main.go:45]  HTTP服务将在以下地址开启监听："http://0.0.0.0:9999"
2023/10/16 13:55:55.986  [I] [mint.go:36]  铸造 : &{100 100001 2 0 user8}
2023/10/16 13:55:55.987  [I] [mysql.go:11]  查找用户信息
2023/10/16 13:56:52.786  [I] [log.go:59]  日志引擎初始化成功
2023/10/16 13:56:52.996  [I] [mysql.go:26]  MySQL数据库初始化连接成功
2023/10/16 13:56:52.997  [I] [main.go:44]  HTTP服务将在以下地址开启监听："http://0.0.0.0:9999"
2023/10/16 13:56:57.711  [I] [mint.go:36]  铸造 : &{100 100001 2 0 user8}
2023/10/16 13:56:57.712  [I] [mysql.go:11]  查找用户信息
2023/10/16 13:57:06.801  [I] [log.go:59]  日志引擎初始化成功
2023/10/16 13:57:07.008  [I] [mysql.go:26]  MySQL数据库初始化连接成功
2023/10/16 13:57:07.009  [I] [main.go:44]  HTTP服务将在以下地址开启监听："http://0.0.0.0:9999"
2023/10/16 13:57:09.580  [I] [mint.go:36]  铸造 : &{100 100001 2 0 user8}
2023/10/16 13:57:09.581  [I] [mysql.go:11]  查找用户信息
2023/10/16 13:58:37.211  [I] [log.go:59]  日志引擎初始化成功
2023/10/16 13:58:37.423  [I] [mysql.go:26]  MySQL数据库初始化连接成功
2023/10/16 13:58:37.424  [I] [main.go:45]  HTTP服务将在以下地址开启监听："http://0.0.0.0:9999"
2023/10/16 13:58:38.546  [I] [mint.go:36]  铸造 : &{100 100001 2 0 user8}
2023/10/16 13:58:38.546  [I] [mysql.go:11]  查找用户信息
2023/10/16 13:58:38.617  [I] [mysql.go:17]  查找用户信息成功
2023/10/16 14:04:57.987  [I] [log.go:59]  日志引擎初始化成功
2023/10/16 14:04:58.200  [I] [mysql.go:26]  MySQL数据库初始化连接成功
2023/10/16 14:04:58.201  [I] [main.go:45]  HTTP服务将在以下地址开启监听："http://0.0.0.0:9999"
2023/10/16 14:05:00.407  [I] [mint.go:36]  铸造 : &{100 100001 2 0 user8}
2023/10/16 14:05:00.408  [I] [mysql.go:11]  查找用户信息
2023/10/16 14:05:00.479  [I] [mysql.go:17]  查找用户信息成功
2023/10/16 14:29:26.491  [I] [log.go:59]  日志引擎初始化成功
2023/10/16 14:29:26.702  [I] [mysql.go:26]  MySQL数据库初始化连接成功
2023/10/16 14:29:26.702  [I] [main.go:45]  HTTP服务将在以下地址开启监听："http://0.0.0.0:9999"
2023/10/16 14:29:28.370  [I] [mint.go:36]  铸造 : &{100 100001 2 0 user8}
2023/10/16 14:29:28.370  [I] [mysql.go:11]  查找用户信息
2023/10/16 14:29:28.440  [I] [mysql.go:17]  查找用户信息成功
2023/10/16 14:29:34.735  [I] [mysql.go:57]  创建商品信息
2023/10/16 14:29:39.960  [I] [log.go:59]  日志引擎初始化成功
2023/10/16 14:29:40.174  [I] [mysql.go:26]  MySQL数据库初始化连接成功
2023/10/16 14:29:40.175  [I] [main.go:45]  HTTP服务将在以下地址开启监听："http://0.0.0.0:9999"
2023/10/16 14:29:42.639  [I] [mint.go:36]  铸造 : &{100 100001 2 0 user8}
2023/10/16 14:29:42.640  [I] [mysql.go:11]  查找用户信息
2023/10/16 14:29:42.712  [I] [mysql.go:17]  查找用户信息成功
2023/10/16 14:32:37.576  [I] [log.go:59]  日志引擎初始化成功
2023/10/16 14:32:37.791  [I] [mysql.go:26]  MySQL数据库初始化连接成功
2023/10/16 14:32:37.792  [I] [main.go:45]  HTTP服务将在以下地址开启监听："http://0.0.0.0:9999"
2023/10/16 14:32:37.931  [I] [mint.go:36]  铸造 : &{101 100001 2 0 user8}
2023/10/16 14:32:37.931  [I] [mysql.go:11]  查找用户信息
2023/10/16 14:32:38.005  [I] [mysql.go:17]  查找用户信息成功
2023/10/16 14:32:41.146  [I] [mint.go:36]  铸造 : &{101 100001 2 0 user8}
2023/10/16 14:32:41.146  [I] [mysql.go:11]  查找用户信息
2023/10/16 14:32:41.217  [I] [mysql.go:17]  查找用户信息成功
2023/10/16 14:32:45.280  [I] [mysql.go:57]  创建商品信息
2023/10/16 14:33:22.220  [I] [log.go:59]  日志引擎初始化成功
2023/10/16 14:33:22.432  [I] [mysql.go:26]  MySQL数据库初始化连接成功
2023/10/16 14:33:22.433  [I] [main.go:45]  HTTP服务将在以下地址开启监听："http://0.0.0.0:9999"
2023/10/16 14:33:27.666  [I] [mint.go:36]  铸造 : &{101 100001 2 0 user8}
2023/10/16 14:33:27.667  [I] [mysql.go:11]  查找用户信息
2023/10/16 14:33:27.737  [I] [mysql.go:17]  查找用户信息成功
2023/10/16 14:33:46.717  [I] [log.go:59]  日志引擎初始化成功
2023/10/16 14:33:46.928  [I] [mysql.go:26]  MySQL数据库初始化连接成功
2023/10/16 14:33:46.929  [I] [main.go:45]  HTTP服务将在以下地址开启监听："http://0.0.0.0:9999"
2023/10/16 14:33:51.865  [I] [mint.go:36]  铸造 : &{102 100001 2 0 user8}
2023/10/16 14:33:51.866  [I] [mysql.go:11]  查找用户信息
2023/10/16 14:33:51.938  [I] [mysql.go:17]  查找用户信息成功
2023/10/16 14:33:56.189  [I] [mysql.go:57]  创建商品信息
2023/10/16 14:34:16.012  [I] [log.go:59]  日志引擎初始化成功
2023/10/16 14:34:16.221  [I] [mysql.go:26]  MySQL数据库初始化连接成功
2023/10/16 14:34:16.222  [I] [main.go:45]  HTTP服务将在以下地址开启监听："http://0.0.0.0:9999"
2023/10/16 14:34:16.292  [I] [mint.go:36]  铸造 : &{200 100001 2 0 user8}
2023/10/16 14:34:16.292  [I] [mysql.go:11]  查找用户信息
2023/10/16 14:34:16.364  [I] [mysql.go:17]  查找用户信息成功
2023/10/16 14:34:25.182  [I] [mysql.go:57]  创建商品信息
2023/10/16 14:35:24.476  [I] [log.go:59]  日志引擎初始化成功
2023/10/16 14:35:24.690  [I] [mysql.go:26]  MySQL数据库初始化连接成功
2023/10/16 14:35:24.690  [I] [main.go:45]  HTTP服务将在以下地址开启监听："http://0.0.0.0:9999"
2023/10/16 14:35:41.701  [I] [mint.go:36]  铸造 : &{300 100001 2 0 user8}
2023/10/16 14:35:41.702  [I] [mysql.go:11]  查找用户信息
2023/10/16 14:35:41.773  [I] [mysql.go:17]  查找用户信息成功
2023/10/16 14:35:50.055  [I] [mysql.go:57]  创建商品信息
2023/10/16 14:37:40.856  [I] [log.go:59]  日志引擎初始化成功
2023/10/16 14:37:41.068  [I] [mysql.go:26]  MySQL数据库初始化连接成功
2023/10/16 14:37:41.068  [I] [main.go:45]  HTTP服务将在以下地址开启监听："http://0.0.0.0:9999"
2023/10/16 14:37:41.519  [I] [mint.go:36]  铸造 : &{400 100001 2 0 user8}
2023/10/16 14:37:41.520  [I] [mysql.go:11]  查找用户信息
2023/10/16 14:37:41.592  [I] [mysql.go:17]  查找用户信息成功
2023/10/16 14:37:45.564  [I] [mint.go:36]  铸造 : &{400 100001 2 0 user8}
2023/10/16 14:37:45.564  [I] [mysql.go:11]  查找用户信息
2023/10/16 14:37:45.635  [I] [mysql.go:17]  查找用户信息成功
2023/10/16 14:37:46.870  [I] [mysql.go:57]  创建商品信息
2023/10/16 15:24:10.222  [I] [log.go:59]  日志引擎初始化成功
2023/10/16 15:24:10.427  [I] [mysql.go:26]  MySQL数据库初始化连接成功
2023/10/16 15:24:10.427  [I] [main.go:45]  HTTP服务将在以下地址开启监听："http://0.0.0.0:9999"
2023/10/16 15:24:17.505  [I] [mint.go:36]  铸造 : &{400 100001 2 0 user8}
2023/10/16 15:24:17.505  [I] [mysql.go:11]  查找用户信息
2023/10/16 15:24:17.574  [I] [mysql.go:17]  查找用户信息成功
2023/10/16 15:24:52.092  [I] [log.go:59]  日志引擎初始化成功
2023/10/16 15:24:52.308  [I] [mysql.go:26]  MySQL数据库初始化连接成功
2023/10/16 15:24:52.309  [I] [main.go:45]  HTTP服务将在以下地址开启监听："http://0.0.0.0:9999"
2023/10/16 15:24:54.296  [I] [mint.go:36]  铸造 : &{500 100001 2 0 user8}
2023/10/16 15:24:54.297  [I] [mysql.go:11]  查找用户信息
2023/10/16 15:24:54.369  [I] [mysql.go:17]  查找用户信息成功
2023/10/16 15:25:01.640  [I] [mysql.go:57]  创建商品信息
2023/10/16 15:34:02.228  [I] [log.go:59]  日志引擎初始化成功
2023/10/16 15:34:02.440  [I] [mysql.go:26]  MySQL数据库初始化连接成功
2023/10/16 15:34:02.441  [I] [main.go:45]  HTTP服务将在以下地址开启监听："http://0.0.0.0:9999"
2023/10/16 15:34:05.192  [I] [mint.go:36]  铸造 : &{600 100001 2 0 user8}
2023/10/16 15:34:05.192  [I] [mysql.go:11]  查找用户信息
2023/10/16 15:34:05.263  [I] [mysql.go:17]  查找用户信息成功
2023/10/16 15:34:11.535  [I] [mysql.go:57]  创建商品信息
2023/10/16 15:40:03.005  [I] [log.go:59]  日志引擎初始化成功
2023/10/16 15:40:03.222  [I] [mysql.go:26]  MySQL数据库初始化连接成功
2023/10/16 15:40:03.223  [I] [main.go:45]  HTTP服务将在以下地址开启监听："http://0.0.0.0:9999"
2023/10/16 15:40:06.158  [I] [sellworks.go:15]  售卖信息<nil>
2023/10/16 15:40:09.735  [I] [mint.go:36]  铸造 : &{600 100001 2 0 user8}
2023/10/16 15:40:09.735  [I] [mysql.go:11]  查找用户信息
2023/10/16 15:40:09.808  [I] [mysql.go:17]  查找用户信息成功
2023/10/16 15:40:25.507  [I] [log.go:59]  日志引擎初始化成功
2023/10/16 15:40:25.719  [I] [mysql.go:26]  MySQL数据库初始化连接成功
2023/10/16 15:40:25.719  [I] [main.go:45]  HTTP服务将在以下地址开启监听："http://0.0.0.0:9999"
2023/10/16 15:40:35.220  [I] [mint.go:36]  铸造 : &{700 100001 2 0 user8}
2023/10/16 15:40:35.221  [I] [mysql.go:11]  查找用户信息
2023/10/16 15:40:35.292  [I] [mysql.go:17]  查找用户信息成功
2023/10/16 15:40:39.560  [I] [mysql.go:57]  创建商品信息
2023/10/16 15:43:26.972  [I] [log.go:59]  日志引擎初始化成功
2023/10/16 15:43:27.185  [I] [mysql.go:26]  MySQL数据库初始化连接成功
2023/10/16 15:43:27.186  [I] [main.go:45]  HTTP服务将在以下地址开启监听："http://0.0.0.0:9999"
2023/10/16 15:43:41.410  [I] [mint.go:36]  铸造 : &{800 100002 2 0 user8}
2023/10/16 15:43:41.411  [I] [mysql.go:11]  查找用户信息
2023/10/16 15:43:41.484  [I] [mysql.go:17]  查找用户信息成功
2023/10/16 15:43:47.751  [I] [mysql.go:57]  创建商品信息
2023/10/16 15:50:37.527  [I] [log.go:59]  日志引擎初始化成功
2023/10/16 15:50:37.742  [I] [mysql.go:26]  MySQL数据库初始化连接成功
2023/10/16 15:50:37.743  [I] [main.go:45]  HTTP服务将在以下地址开启监听："http://0.0.0.0:9999"
2023/10/16 15:50:45.469  [I] [mint.go:36]  铸造 : &{900 100002 2 0 user8}
2023/10/16 15:50:45.469  [I] [mysql.go:11]  查找用户信息
2023/10/16 15:50:45.542  [I] [mysql.go:17]  查找用户信息成功
2023/10/16 15:50:51.805  [I] [mysql.go:57]  创建商品信息
2023/10/16 15:50:51.952  [I] [mint.go:101]  铸造成功
2023/10/16 16:13:54.708  [I] [log.go:59]  日志引擎初始化成功
2023/10/16 16:13:54.920  [I] [mysql.go:26]  MySQL数据库初始化连接成功
2023/10/16 16:13:54.920  [I] [main.go:45]  HTTP服务将在以下地址开启监听："http://0.0.0.0:9999"
2023/10/16 16:14:09.993  [I] [sellworks.go:15]  售卖信息&{100 100 2023/10/16 16:12:13 2024/10/16 16:12:13}
2023/10/16 16:14:10.140  [I] [mysql.go:11]  查找用户信息
2023/10/16 16:14:10.209  [I] [mysql.go:17]  查找用户信息成功
2023/10/16 16:14:10.352  [I] [ReceiveCommodity.go:85]  写入商品品100结束%!(EXTRA <nil>)
2023/10/16 16:32:08.305  [I] [sellworks.go:15]  售卖信息&{100 100 2023/10/16 16:12:13 2024/10/16 16:12:13}
2023/10/16 16:32:08.446  [I] [mysql.go:11]  查找用户信息
2023/10/16 16:32:08.516  [I] [mysql.go:17]  查找用户信息成功
2023/10/16 16:32:08.657  [I] [ReceiveCommodity.go:82]  写入商品品2023-10-16 16:12:13 +0800 CST失败,时间：100,err：Error 1062 (23000): Duplicate entry '100' for key 'commodities_demos.PRIMARY'
2023/10/16 16:44:39.078  [I] [purchase.go:21]  购买商品 : &{100 user6 100}
2023/10/16 16:47:41.622  [I] [purchase.go:21]  购买商品 : &{100 user6 100}
2023/10/16 16:47:41.765  [I] [mysql.go:11]  查找用户信息
2023/10/16 16:47:41.835  [I] [mysql.go:17]  查找用户信息成功
2023/10/16 16:51:47.973  [I] [log.go:59]  日志引擎初始化成功
2023/10/16 16:51:48.188  [I] [mysql.go:26]  MySQL数据库初始化连接成功
2023/10/16 16:51:48.188  [I] [main.go:45]  HTTP服务将在以下地址开启监听："http://0.0.0.0:9999"
2023/10/16 16:51:53.395  [I] [purchase.go:41]  购买商品 : &{100 user6 100}
2023/10/16 16:51:53.538  [I] [mysql.go:11]  查找用户信息
2023/10/16 16:51:53.609  [I] [mysql.go:17]  查找用户信息成功
2023/10/16 16:54:29.438  [I] [log.go:59]  日志引擎初始化成功
2023/10/16 16:54:30.677  [I] [mysql.go:26]  MySQL数据库初始化连接成功
2023/10/16 16:54:41.623  [I] [main.go:45]  HTTP服务将在以下地址开启监听："http://0.0.0.0:9999"
2023/10/16 16:56:21.735  [I] [log.go:59]  日志引擎初始化成功
2023/10/16 16:56:21.945  [I] [mysql.go:26]  MySQL数据库初始化连接成功
2023/10/16 16:56:21.945  [I] [main.go:45]  HTTP服务将在以下地址开启监听："http://0.0.0.0:9999"
2023/10/16 16:56:23.855  [I] [purchase.go:41]  购买商品 : &{100 user6 100}
2023/10/16 16:56:23.993  [I] [mysql.go:11]  查找用户信息
2023/10/16 16:56:24.063  [I] [mysql.go:17]  查找用户信息成功
2023/10/16 16:57:06.979  [I] [log.go:59]  日志引擎初始化成功
2023/10/16 16:57:07.188  [I] [mysql.go:26]  MySQL数据库初始化连接成功
2023/10/16 16:57:07.189  [I] [main.go:45]  HTTP服务将在以下地址开启监听："http://0.0.0.0:9999"
2023/10/16 16:57:13.046  [I] [purchase.go:41]  购买商品 : &{100 user6 100}
2023/10/16 16:57:13.186  [I] [mysql.go:11]  查找用户信息
2023/10/16 16:57:13.255  [I] [mysql.go:17]  查找用户信息成功
2023/10/16 16:57:13.255  [I] [purchase.go:119]  111
2023/10/16 17:00:04.372  [I] [log.go:59]  日志引擎初始化成功
2023/10/16 17:00:04.583  [I] [mysql.go:26]  MySQL数据库初始化连接成功
2023/10/16 17:00:04.584  [I] [main.go:45]  HTTP服务将在以下地址开启监听："http://0.0.0.0:9999"
2023/10/16 17:00:07.749  [I] [purchase.go:41]  购买商品 : &{100 user6 100}
2023/10/16 17:00:07.891  [I] [mysql.go:11]  查找用户信息
2023/10/16 17:00:07.961  [I] [mysql.go:17]  查找用户信息成功
2023/10/16 17:02:33.386  [I] [log.go:59]  日志引擎初始化成功
2023/10/16 17:02:33.599  [I] [mysql.go:26]  MySQL数据库初始化连接成功
2023/10/16 17:02:33.599  [I] [main.go:45]  HTTP服务将在以下地址开启监听："http://0.0.0.0:9999"
2023/10/16 17:02:35.154  [I] [purchase.go:41]  购买商品 : &{100 user6 100}
2023/10/16 17:02:35.296  [I] [mysql.go:11]  查找用户信息
2023/10/16 17:02:35.366  [I] [mysql.go:17]  查找用户信息成功
2023/10/16 17:03:23.828  [I] [log.go:59]  日志引擎初始化成功
2023/10/16 17:03:24.031  [I] [mysql.go:26]  MySQL数据库初始化连接成功
2023/10/16 17:03:24.031  [I] [main.go:45]  HTTP服务将在以下地址开启监听："http://0.0.0.0:9999"
2023/10/16 17:03:35.150  [I] [purchase.go:41]  购买商品 : &{100 user6 100}
2023/10/16 17:03:35.287  [I] [mysql.go:11]  查找用户信息
2023/10/16 17:03:35.354  [I] [mysql.go:17]  查找用户信息成功
2023/10/16 17:23:38.989  [I] [log.go:59]  日志引擎初始化成功
2023/10/16 17:23:39.201  [I] [mysql.go:26]  MySQL数据库初始化连接成功
2023/10/16 17:23:39.201  [I] [main.go:45]  HTTP服务将在以下地址开启监听："http://0.0.0.0:9999"
2023/10/16 17:23:43.004  [I] [purchase.go:41]  购买商品 : &{100 user6 100}
2023/10/16 17:23:43.147  [I] [mysql.go:11]  查找用户信息
2023/10/16 17:23:43.219  [I] [mysql.go:17]  查找用户信息成功
2023/10/16 17:23:43.451  [I] [purchase.go:164]  交易成功hash:0xe2cc8bca49263de1b14b6a6c0076629d98b8a49fd4ecd2aa453995a6cccf7d3f
2023/10/16 17:23:43.451  [I] [mysql.go:66]  更新作品信息
2023/10/16 17:23:43.599  [I] [mysql.go:11]  查找用户信息
2023/10/16 17:23:43.672  [I] [mysql.go:17]  查找用户信息成功
2023/10/16 17:23:43.818  [I] [mysql.go:11]  查找用户信息
2023/10/16 17:23:43.891  [I] [mysql.go:17]  查找用户信息成功
2023/10/16 17:35:50.607  [I] [log.go:59]  日志引擎初始化成功
2023/10/16 17:35:50.826  [I] [mysql.go:26]  MySQL数据库初始化连接成功
2023/10/16 17:35:50.826  [I] [main.go:45]  HTTP服务将在以下地址开启监听："http://0.0.0.0:9999"
2023/10/16 17:36:38.858  [I] [purchase.go:41]  购买商品 : &{100 user6 100}
2023/10/16 17:36:39.005  [I] [purchase.go:80]  Sell 结构体 ： {0x3537463736456261333563666635323862373943 1 0x3239633031343834394634383933373063413336 0 100 1 0x4336303537363566414244634131613764394530 100 1697443933000000000 1729066333000000000 [{50 0x4261623838383737334236653130363838383838}] 0}
2023/10/16 17:36:39.005  [I] [mysql.go:11]  查找用户信息
2023/10/16 17:36:39.077  [I] [mysql.go:17]  查找用户信息成功
2023/10/16 17:36:39.308  [I] [purchase.go:165]  交易成功hash:0x11fb6abef7079d8fa3b133242358cb20a9c179c30a2730dbe35a09ae3769afbc
2023/10/16 17:36:39.308  [I] [mysql.go:66]  更新作品信息
2023/10/16 17:36:39.457  [I] [mysql.go:11]  查找用户信息
2023/10/16 17:36:39.531  [I] [mysql.go:17]  查找用户信息成功
2023/10/16 17:36:39.679  [I] [mysql.go:11]  查找用户信息
2023/10/16 17:36:39.752  [I] [mysql.go:17]  查找用户信息成功
